Using pre-set license
Built from '2020.3/staging' branch; Version is '2020.3.16f1 (049d6eca3c44) revision 302446'; Using compiler version '192528614'; Build Type 'Release'
OS: 'Windows 10 Home; OS build 19043.1526; Version 2009; 64bit' Language: 'en' Physical Memory: 24486 MB
BatchMode: 1, IsHumanControllingUs: 0, StartBugReporterOnCrash: 0, Is64bit: 1, IsPro: 0

 COMMAND LINE ARGUMENTS:
C:\Program Files\Unity\Editor\Unity.exe
-adb2
-batchMode
-noUpm
-name
AssetImportWorker0
-projectPath
C:/Users/Kevin/Desktop/Projects/Tutorials/Tutorial_1.5
-logFile
Logs/AssetImportWorker0.log
-srvPort
65428
Successfully changed project path to: C:/Users/Kevin/Desktop/Projects/Tutorials/Tutorial_1.5
C:/Users/Kevin/Desktop/Projects/Tutorials/Tutorial_1.5
Using Asset Import Pipeline V2.
Refreshing native plugins compatible for Editor in 43.14 ms, found 3 plugins.
Preloading 0 native plugins for Editor in 0.00 ms.
Initialize engine version: 2020.3.16f1 (049d6eca3c44)
[Subsystems] Discovering subsystems at path C:/Program Files/Unity/Editor/Data/Resources/UnitySubsystems
[Subsystems] Discovering subsystems at path C:/Users/Kevin/Desktop/Projects/Tutorials/Tutorial_1.5/Assets
GfxDevice: creating device client; threaded=0
Direct3D:
    Version:  Direct3D 11.0 [level 11.1]
    Renderer: NVIDIA GeForce RTX 2070 SUPER (ID=0x1e84)
    Vendor:   
    VRAM:     8012 MB
    Driver:   30.0.15.1165
Initialize mono
Mono path[0] = 'C:/Program Files/Unity/Editor/Data/Managed'
Mono path[1] = 'C:/Program Files/Unity/Editor/Data/MonoBleedingEdge/lib/mono/unityjit'
Mono config path = 'C:/Program Files/Unity/Editor/Data/MonoBleedingEdge/etc'
Using monoOptions --debugger-agent=transport=dt_socket,embedding=1,server=y,suspend=n,address=127.0.0.1:56088
Begin MonoManager ReloadAssembly
Registering precompiled unity dll's ...
Register platform support module: C:/Program Files/Unity/Editor/Data/PlaybackEngines/WindowsStandaloneSupport/UnityEditor.WindowsStandalone.Extensions.dll
Registered in 0.003114 seconds.
Native extension for WindowsStandalone target not found
Refreshing native plugins compatible for Editor in 42.02 ms, found 3 plugins.
Preloading 0 native plugins for Editor in 0.00 ms.
Mono: successfully reloaded assembly
- Completed reload, in  1.087 seconds
Domain Reload Profiling:
	ReloadAssembly (1087ms)
		BeginReloadAssembly (52ms)
			ExecutionOrderSort (0ms)
			DisableScriptedObjects (0ms)
			BackupInstance (0ms)
			ReleaseScriptingObjects (0ms)
			CreateAndSetChildDomain (1ms)
		EndReloadAssembly (511ms)
			LoadAssemblies (50ms)
			RebuildTransferFunctionScriptingTraits (0ms)
			SetupTypeCache (224ms)
			ReleaseScriptCaches (0ms)
			RebuildScriptCaches (32ms)
			SetupLoadedEditorAssemblies (170ms)
				LogAssemblyErrors (0ms)
				InitializePlatformSupportModulesInManaged (4ms)
				SetLoadedEditorAssemblies (0ms)
				RefreshPlugins (42ms)
				BeforeProcessingInitializeOnLoad (13ms)
				ProcessInitializeOnLoadAttributes (83ms)
				ProcessInitializeOnLoadMethodAttributes (28ms)
				AfterProcessingInitializeOnLoad (0ms)
				EditorAssembliesLoaded (0ms)
			ExecutionOrderSort2 (0ms)
			AwakeInstancesAfterBackupRestoration (0ms)
Platform modules already initialized, skipping
Registering precompiled user dll's ...
Registered in 0.004010 seconds.
Begin MonoManager ReloadAssembly
Native extension for WindowsStandalone target not found
Refreshing native plugins compatible for Editor in 43.78 ms, found 3 plugins.
Preloading 0 native plugins for Editor in 0.00 ms.
Mono: successfully reloaded assembly
- Completed reload, in  1.174 seconds
Domain Reload Profiling:
	ReloadAssembly (1175ms)
		BeginReloadAssembly (142ms)
			ExecutionOrderSort (0ms)
			DisableScriptedObjects (6ms)
			BackupInstance (0ms)
			ReleaseScriptingObjects (0ms)
			CreateAndSetChildDomain (17ms)
		EndReloadAssembly (970ms)
			LoadAssemblies (86ms)
			RebuildTransferFunctionScriptingTraits (0ms)
			SetupTypeCache (288ms)
			ReleaseScriptCaches (0ms)
			RebuildScriptCaches (49ms)
			SetupLoadedEditorAssemblies (417ms)
				LogAssemblyErrors (0ms)
				InitializePlatformSupportModulesInManaged (4ms)
				SetLoadedEditorAssemblies (0ms)
				RefreshPlugins (44ms)
				BeforeProcessingInitializeOnLoad (78ms)
				ProcessInitializeOnLoadAttributes (271ms)
				ProcessInitializeOnLoadMethodAttributes (13ms)
				AfterProcessingInitializeOnLoad (6ms)
				EditorAssembliesLoaded (0ms)
			ExecutionOrderSort2 (0ms)
			AwakeInstancesAfterBackupRestoration (7ms)
Platform modules already initialized, skipping
========================================================================
Worker process is ready to serve import requests
Launched and connected shader compiler UnityShaderCompiler.exe after 0.06 seconds
Refreshing native plugins compatible for Editor in 0.43 ms, found 3 plugins.
Preloading 0 native plugins for Editor in 0.00 ms.
Unloading 2092 Unused Serialized files (Serialized files now loaded: 0)
System memory in use before: 93.1 MB.
System memory in use after: 93.1 MB.

Unloading 28 unused Assets to reduce memory usage. Loaded Objects now: 2529.
Total: 3.396200 ms (FindLiveObjects: 0.217400 ms CreateObjectMapping: 0.073500 ms MarkObjects: 3.037800 ms  DeleteObjects: 0.066400 ms)

AssetImportParameters requested are different than current active one (requested -> active):
  custom:framework-win-MediaFoundation: 216162199b28c13a410421893ffa2e32 -> 
  custom:video-decoder-ogg-theora: a1e56fd34408186e4bbccfd4996cb3dc -> 
  custom:container-muxer-webm: aa71ff27fc2769a1b78a27578f13a17b -> 
  custom:container-demuxer-webm: 4f35f7cbe854078d1ac9338744f61a02 -> 
  custom:container-demuxer-ogg: 62fdf1f143b41e24485cea50d1cbac27 -> 
  custom:video-encoder-webm-vp8: eb34c28f22e8b96e1ab97ce403110664 -> 
  custom:video-decoder-webm-vp8: 9c59270c3fd7afecdb556c50c9e8de78 -> 
  custom:audio-decoder-ogg-vorbis: bf7c407c2cedff20999df2af8eb42d56 -> 
  custom:audio-encoder-webm-vorbis: bf7c407c2cedff20999df2af8eb42d56 -> 
========================================================================
Received Import Request.
  path: Assets/Animations
  artifactKey: Guid(ed7b15630bae06e41a8a105ecd47c49a) Importer(815301076,1909f56bfc062723c751e8b465ee728b)
Start importing Assets/Animations using Guid(ed7b15630bae06e41a8a105ecd47c49a) Importer(815301076,1909f56bfc062723c751e8b465ee728b)  -> (artifact id: '379437997c62b5034cdaf960e5707683') in 0.009553 seconds 
  Import took 0.012704 seconds .

========================================================================
Received Import Request.
  Time since last request: 8.378120 seconds.
  path: Assets/Sprites
  artifactKey: Guid(1ed47afebc340fe4f8b62932d3b346e8) Importer(815301076,1909f56bfc062723c751e8b465ee728b)
Start importing Assets/Sprites using Guid(1ed47afebc340fe4f8b62932d3b346e8) Importer(815301076,1909f56bfc062723c751e8b465ee728b)  -> (artifact id: '770956864311cc3408576d214b7039b9') in 0.007098 seconds 
  Import took 0.010241 seconds .

========================================================================
Received Import Request.
  Time since last request: 112.181291 seconds.
  path: Assets/Sounds
  artifactKey: Guid(0d19f273aadb92f47ba13ac0e1a9a2ed) Importer(815301076,1909f56bfc062723c751e8b465ee728b)
Start importing Assets/Sounds using Guid(0d19f273aadb92f47ba13ac0e1a9a2ed) Importer(815301076,1909f56bfc062723c751e8b465ee728b)  -> (artifact id: '57ef462b982aaa5ba5305d4b1a37050b') in 0.007481 seconds 
  Import took 0.010610 seconds .

========================================================================
Received Import Request.
  Time since last request: 21.765683 seconds.
  path: Assets/Scripts/scrip.cs
  artifactKey: Guid(7c9130fcb086e7345a408f08cd9f0641) Importer(815301076,1909f56bfc062723c751e8b465ee728b)
Start importing Assets/Scripts/scrip.cs using Guid(7c9130fcb086e7345a408f08cd9f0641) Importer(815301076,1909f56bfc062723c751e8b465ee728b)  -> (artifact id: '4298440b7c45089a6f064d5d32901b47') in 0.031974 seconds 
  Import took 0.035299 seconds .

========================================================================
Received Import Request.
  Time since last request: 0.002391 seconds.
  path: Assets/Scripts/scrip.cs
  artifactKey: Guid(7c9130fcb086e7345a408f08cd9f0641) Importer(815301076,1909f56bfc062723c751e8b465ee728b)
Start importing Assets/Scripts/scrip.cs using Guid(7c9130fcb086e7345a408f08cd9f0641) Importer(815301076,1909f56bfc062723c751e8b465ee728b)  -> (artifact id: '4298440b7c45089a6f064d5d32901b47') in 0.003254 seconds 
  Import took 0.006380 seconds .

========================================================================
Received Import Request.
  Time since last request: 6.815173 seconds.
  path: Assets/Scripts/Controller.cs
  artifactKey: Guid(7c9130fcb086e7345a408f08cd9f0641) Importer(815301076,1909f56bfc062723c751e8b465ee728b)
Start importing Assets/Scripts/Controller.cs using Guid(7c9130fcb086e7345a408f08cd9f0641) Importer(815301076,1909f56bfc062723c751e8b465ee728b)  -> (artifact id: '58f8effd4ef79d4cf6c40021f4c1332c') in 0.010448 seconds 
  Import took 0.016691 seconds .

========================================================================
Received Prepare
Registering precompiled user dll's ...
Registered in 0.004401 seconds.
Begin MonoManager ReloadAssembly
Native extension for WindowsStandalone target not found
Refreshing native plugins compatible for Editor in 0.46 ms, found 3 plugins.
Preloading 0 native plugins for Editor in 0.00 ms.
Mono: successfully reloaded assembly
- Completed reload, in  1.120 seconds
Domain Reload Profiling:
	ReloadAssembly (1120ms)
		BeginReloadAssembly (126ms)
			ExecutionOrderSort (0ms)
			DisableScriptedObjects (7ms)
			BackupInstance (0ms)
			ReleaseScriptingObjects (0ms)
			CreateAndSetChildDomain (35ms)
		EndReloadAssembly (926ms)
			LoadAssemblies (92ms)
			RebuildTransferFunctionScriptingTraits (0ms)
			SetupTypeCache (298ms)
			ReleaseScriptCaches (1ms)
			RebuildScriptCaches (42ms)
			SetupLoadedEditorAssemblies (366ms)
				LogAssemblyErrors (0ms)
				InitializePlatformSupportModulesInManaged (5ms)
				SetLoadedEditorAssemblies (0ms)
				RefreshPlugins (1ms)
				BeforeProcessingInitializeOnLoad (92ms)
				ProcessInitializeOnLoadAttributes (255ms)
				ProcessInitializeOnLoadMethodAttributes (7ms)
				AfterProcessingInitializeOnLoad (6ms)
				EditorAssembliesLoaded (0ms)
			ExecutionOrderSort2 (0ms)
			AwakeInstancesAfterBackupRestoration (12ms)
Platform modules already initialized, skipping
Refreshing native plugins compatible for Editor in 0.47 ms, found 3 plugins.
Preloading 0 native plugins for Editor in 0.00 ms.
Unloading 2082 Unused Serialized files (Serialized files now loaded: 0)
System memory in use before: 92.5 MB.
System memory in use after: 92.6 MB.

Unloading 16 unused Assets to reduce memory usage. Loaded Objects now: 2532.
Total: 3.132900 ms (FindLiveObjects: 0.206500 ms CreateObjectMapping: 0.074400 ms MarkObjects: 2.834300 ms  DeleteObjects: 0.016900 ms)

AssetImportParameters requested are different than current active one (requested -> active):
  custom:framework-win-MediaFoundation: 216162199b28c13a410421893ffa2e32 -> 
  custom:video-decoder-ogg-theora: a1e56fd34408186e4bbccfd4996cb3dc -> 
  custom:container-muxer-webm: aa71ff27fc2769a1b78a27578f13a17b -> 
  custom:container-demuxer-webm: 4f35f7cbe854078d1ac9338744f61a02 -> 
  custom:container-demuxer-ogg: 62fdf1f143b41e24485cea50d1cbac27 -> 
  custom:video-encoder-webm-vp8: eb34c28f22e8b96e1ab97ce403110664 -> 
  custom:video-decoder-webm-vp8: 9c59270c3fd7afecdb556c50c9e8de78 -> 
  custom:audio-decoder-ogg-vorbis: bf7c407c2cedff20999df2af8eb42d56 -> 
  custom:audio-encoder-webm-vorbis: bf7c407c2cedff20999df2af8eb42d56 -> 
========================================================================
Received Import Request.
  Time since last request: 210.681243 seconds.
  path: Assets/Sprites/Dead (1).png
  artifactKey: Guid(40712f6de08dc844fa2aec4288cc6a81) Importer(815301076,1909f56bfc062723c751e8b465ee728b)
Start importing Assets/Sprites/Dead (1).png using Guid(40712f6de08dc844fa2aec4288cc6a81) Importer(815301076,1909f56bfc062723c751e8b465ee728b)  -> (artifact id: '4c343e0be85580487886dd87404ca170') in 0.129524 seconds 
  Import took 0.133441 seconds .

========================================================================
Received Import Request.
  Time since last request: 0.000293 seconds.
  path: Assets/Sprites/Slide (9).png
  artifactKey: Guid(ffe6d08e36fb3d94ca68cee0b5f02cb5) Importer(815301076,1909f56bfc062723c751e8b465ee728b)
Start importing Assets/Sprites/Slide (9).png using Guid(ffe6d08e36fb3d94ca68cee0b5f02cb5) Importer(815301076,1909f56bfc062723c751e8b465ee728b)  -> (artifact id: '1a65c3dbfc3ac11573bd9e8fb93d3e71') in 0.018254 seconds 
  Import took 0.021746 seconds .

========================================================================
Received Import Request.
  Time since last request: 0.000226 seconds.
  path: Assets/Sprites/Dead (7).png
  artifactKey: Guid(1c2aae43e21c73a4cbee22579a13c982) Importer(815301076,1909f56bfc062723c751e8b465ee728b)
Start importing Assets/Sprites/Dead (7).png using Guid(1c2aae43e21c73a4cbee22579a13c982) Importer(815301076,1909f56bfc062723c751e8b465ee728b)  -> (artifact id: 'c0cde241a62c549b79267db249ad95c9') in 0.015366 seconds 
  Import took 0.018600 seconds .

========================================================================
Received Import Request.
  Time since last request: 0.000321 seconds.
  path: Assets/Sprites/Hurt (5).png
  artifactKey: Guid(d96c32ef024498a47a2e7abf2d5ad213) Importer(815301076,1909f56bfc062723c751e8b465ee728b)
Start importing Assets/Sprites/Hurt (5).png using Guid(d96c32ef024498a47a2e7abf2d5ad213) Importer(815301076,1909f56bfc062723c751e8b465ee728b)  -> (artifact id: 'bf94e9d17033c08113b8abfa69085053') in 0.013317 seconds 
  Import took 0.016493 seconds .

========================================================================
Received Import Request.
  Time since last request: 0.000227 seconds.
  path: Assets/Sprites/Slide (3).png
  artifactKey: Guid(be1dc503c8fe1104b8e06d1e78a49a70) Importer(815301076,1909f56bfc062723c751e8b465ee728b)
Start importing Assets/Sprites/Slide (3).png using Guid(be1dc503c8fe1104b8e06d1e78a49a70) Importer(815301076,1909f56bfc062723c751e8b465ee728b)  -> (artifact id: '38800687254a6d855fc426b68819a9f7') in 0.013257 seconds 
  Import took 0.016488 seconds .

========================================================================
Received Import Request.
  Time since last request: 0.000210 seconds.
  path: Assets/Sprites/Fall (6).png
  artifactKey: Guid(f091ab1093314f54a82027b06e349403) Importer(815301076,1909f56bfc062723c751e8b465ee728b)
Start importing Assets/Sprites/Fall (6).png using Guid(f091ab1093314f54a82027b06e349403) Importer(815301076,1909f56bfc062723c751e8b465ee728b)  -> (artifact id: '7fb662f6768ce4f06ab9ec821b246a35') in 0.013619 seconds 
  Import took 0.016941 seconds .

========================================================================
Received Import Request.
  Time since last request: 0.000256 seconds.
  path: Assets/Sprites/Dead (8).png
  artifactKey: Guid(8ab1e0b5c2ac0204e9ef474a696e705b) Importer(815301076,1909f56bfc062723c751e8b465ee728b)
Start importing Assets/Sprites/Dead (8).png using Guid(8ab1e0b5c2ac0204e9ef474a696e705b) Importer(815301076,1909f56bfc062723c751e8b465ee728b)  -> (artifact id: '9d45d2a880480e9fc6c311ca943a92eb') in 0.013070 seconds 
  Import took 0.016350 seconds .

========================================================================
Received Import Request.
  Time since last request: 0.000161 seconds.
  path: Assets/Sprites/Dead (4).png
  artifactKey: Guid(6f5451631ff35b54c9befbba2ca784ea) Importer(815301076,1909f56bfc062723c751e8b465ee728b)
Start importing Assets/Sprites/Dead (4).png using Guid(6f5451631ff35b54c9befbba2ca784ea) Importer(815301076,1909f56bfc062723c751e8b465ee728b)  -> (artifact id: 'f136a3e80e49fc8cd156ded42247c559') in 0.013226 seconds 
  Import took 0.016542 seconds .

========================================================================
Received Import Request.
  Time since last request: 0.000223 seconds.
  path: Assets/Sprites/Jump (1).png
  artifactKey: Guid(bb8c3daab405a044088805e2a2cee466) Importer(815301076,1909f56bfc062723c751e8b465ee728b)
Start importing Assets/Sprites/Jump (1).png using Guid(bb8c3daab405a044088805e2a2cee466) Importer(815301076,1909f56bfc062723c751e8b465ee728b)  -> (artifact id: '25250eb02e76718e72551488794a98d1') in 0.012431 seconds 
  Import took 0.015732 seconds .

========================================================================
Received Import Request.
  Time since last request: 0.000205 seconds.
  path: Assets/Sprites/Hurt (6).png
  artifactKey: Guid(ece193a6509b8b544a64d37a16177942) Importer(815301076,1909f56bfc062723c751e8b465ee728b)
Start importing Assets/Sprites/Hurt (6).png using Guid(ece193a6509b8b544a64d37a16177942) Importer(815301076,1909f56bfc062723c751e8b465ee728b)  -> (artifact id: '3da464e7d596b60dd55ad9e02b0e75af') in 0.021226 seconds 
  Import took 0.027813 seconds .

========================================================================
Received Import Request.
  Time since last request: 0.000183 seconds.
  path: Assets/Sprites/Walk (2).png
  artifactKey: Guid(246bc89e8e48a9445a9f0a1f3fa0ff3c) Importer(815301076,1909f56bfc062723c751e8b465ee728b)
Start importing Assets/Sprites/Walk (2).png using Guid(246bc89e8e48a9445a9f0a1f3fa0ff3c) Importer(815301076,1909f56bfc062723c751e8b465ee728b)  -> (artifact id: 'f4c22f265afb98728820cd9ffd652904') in 0.014337 seconds 
  Import took 0.018836 seconds .

========================================================================
Received Import Request.
  Time since last request: 0.000204 seconds.
  path: Assets/Sprites/Hurt (7).png
  artifactKey: Guid(35fff08b1d0787b41806f27627a8eeb2) Importer(815301076,1909f56bfc062723c751e8b465ee728b)
Start importing Assets/Sprites/Hurt (7).png using Guid(35fff08b1d0787b41806f27627a8eeb2) Importer(815301076,1909f56bfc062723c751e8b465ee728b)  -> (artifact id: '95deb8f47a4c969f18b686520bff2cea') in 0.012809 seconds 
  Import took 0.015778 seconds .

========================================================================
Received Import Request.
  Time since last request: 0.000187 seconds.
  path: Assets/Sprites/Run (1).png
  artifactKey: Guid(84921b972fe4eda428dcc8154f8a6f52) Importer(815301076,1909f56bfc062723c751e8b465ee728b)
Start importing Assets/Sprites/Run (1).png using Guid(84921b972fe4eda428dcc8154f8a6f52) Importer(815301076,1909f56bfc062723c751e8b465ee728b)  -> (artifact id: 'f04c88324de7b85967f0cb2665b5fbf3') in 0.013046 seconds 
  Import took 0.016258 seconds .

========================================================================
Received Import Request.
  Time since last request: 0.000284 seconds.
  path: Assets/Sprites/Dead (6).png
  artifactKey: Guid(c02c5b64a20dc614ca2e2adc6e50751f) Importer(815301076,1909f56bfc062723c751e8b465ee728b)
Start importing Assets/Sprites/Dead (6).png using Guid(c02c5b64a20dc614ca2e2adc6e50751f) Importer(815301076,1909f56bfc062723c751e8b465ee728b)  -> (artifact id: '9685fff05183fa45fc5b18f263592bdd') in 0.012759 seconds 
  Import took 0.015941 seconds .

========================================================================
Received Import Request.
  Time since last request: 0.000217 seconds.
  path: Assets/Sprites/Idle (3).png
  artifactKey: Guid(4ff61734e63a53c4fb4ba9bae9e63791) Importer(815301076,1909f56bfc062723c751e8b465ee728b)
Start importing Assets/Sprites/Idle (3).png using Guid(4ff61734e63a53c4fb4ba9bae9e63791) Importer(815301076,1909f56bfc062723c751e8b465ee728b)  -> (artifact id: '24246081fe33a28ee37d84461ab19840') in 0.012684 seconds 
  Import took 0.015711 seconds .

========================================================================
Received Import Request.
  Time since last request: 0.000198 seconds.
  path: Assets/Sprites/Idle (5).png
  artifactKey: Guid(05af7508c355e4a4d9aaddb1a4eb8591) Importer(815301076,1909f56bfc062723c751e8b465ee728b)
Start importing Assets/Sprites/Idle (5).png using Guid(05af7508c355e4a4d9aaddb1a4eb8591) Importer(815301076,1909f56bfc062723c751e8b465ee728b)  -> (artifact id: 'fc00115b1a950934e5960635ac0a0528') in 0.013423 seconds 
  Import took 0.016520 seconds .

========================================================================
Received Import Request.
  Time since last request: 0.000231 seconds.
  path: Assets/Sprites/Fall (4).png
  artifactKey: Guid(19a29b3609bee494580e317676ed1b43) Importer(815301076,1909f56bfc062723c751e8b465ee728b)
Start importing Assets/Sprites/Fall (4).png using Guid(19a29b3609bee494580e317676ed1b43) Importer(815301076,1909f56bfc062723c751e8b465ee728b)  -> (artifact id: '5309510b5869736db88f3c64415c22b6') in 0.012536 seconds 
  Import took 0.015675 seconds .

========================================================================
Received Import Request.
  Time since last request: 0.000202 seconds.
  path: Assets/Sprites/Walk (1).png
  artifactKey: Guid(0c3af658da86f7347810c4594f0dbb26) Importer(815301076,1909f56bfc062723c751e8b465ee728b)
Start importing Assets/Sprites/Walk (1).png using Guid(0c3af658da86f7347810c4594f0dbb26) Importer(815301076,1909f56bfc062723c751e8b465ee728b)  -> (artifact id: '818183f4216d2022c8ba49df9abb38fd') in 0.012776 seconds 
  Import took 0.015934 seconds .

========================================================================
Received Import Request.
  Time since last request: 0.000227 seconds.
  path: Assets/Sprites/Walk (3).png
  artifactKey: Guid(d5b1d7d9dac7de046a4e86d110c4d57b) Importer(815301076,1909f56bfc062723c751e8b465ee728b)
Start importing Assets/Sprites/Walk (3).png using Guid(d5b1d7d9dac7de046a4e86d110c4d57b) Importer(815301076,1909f56bfc062723c751e8b465ee728b)  -> (artifact id: '4358a6803079f587a27998df726fb4af') in 0.013102 seconds 
  Import took 0.016400 seconds .

========================================================================
Received Import Request.
  Time since last request: 0.000203 seconds.
  path: Assets/Sprites/Idle (1).png
  artifactKey: Guid(add34f41d5e54784b9b3fa8137260ede) Importer(815301076,1909f56bfc062723c751e8b465ee728b)
Start importing Assets/Sprites/Idle (1).png using Guid(add34f41d5e54784b9b3fa8137260ede) Importer(815301076,1909f56bfc062723c751e8b465ee728b)  -> (artifact id: '8a1a10e7ecb56a6e9c435b91fb826941') in 0.013655 seconds 
  Import took 0.016780 seconds .

========================================================================
Received Import Request.
  Time since last request: 0.000254 seconds.
  path: Assets/Sprites/Fall (2).png
  artifactKey: Guid(b2269145f437815408cc6d35eff6cd25) Importer(815301076,1909f56bfc062723c751e8b465ee728b)
Start importing Assets/Sprites/Fall (2).png using Guid(b2269145f437815408cc6d35eff6cd25) Importer(815301076,1909f56bfc062723c751e8b465ee728b)  -> (artifact id: '6c31e131942afaf6e2bd97ef760e07a6') in 0.018039 seconds 
  Import took 0.021335 seconds .

========================================================================
Received Import Request.
  Time since last request: 0.000145 seconds.
  path: Assets/Sprites/Dead (10).png
  artifactKey: Guid(a1510e4b66225a34196e79b953110b62) Importer(815301076,1909f56bfc062723c751e8b465ee728b)
Start importing Assets/Sprites/Dead (10).png using Guid(a1510e4b66225a34196e79b953110b62) Importer(815301076,1909f56bfc062723c751e8b465ee728b)  -> (artifact id: 'cd0b05b5524634dbf2e82151384d6a6c') in 0.012567 seconds 
  Import took 0.015799 seconds .

========================================================================
Received Import Request.
  Time since last request: 0.000241 seconds.
  path: Assets/Sprites/Walk (4).png
  artifactKey: Guid(464abe6601e875f49bf4480760e5a907) Importer(815301076,1909f56bfc062723c751e8b465ee728b)
Start importing Assets/Sprites/Walk (4).png using Guid(464abe6601e875f49bf4480760e5a907) Importer(815301076,1909f56bfc062723c751e8b465ee728b)  -> (artifact id: '5c44b23fb68216dca5c8b2e28a8b5f9e') in 0.013226 seconds 
  Import took 0.016427 seconds .

========================================================================
Received Import Request.
  Time since last request: 0.000264 seconds.
  path: Assets/Sprites/Hurt (9).png
  artifactKey: Guid(1780c42cff25a66409a11f95baae18d8) Importer(815301076,1909f56bfc062723c751e8b465ee728b)
Start importing Assets/Sprites/Hurt (9).png using Guid(1780c42cff25a66409a11f95baae18d8) Importer(815301076,1909f56bfc062723c751e8b465ee728b)  -> (artifact id: '2073a08243db73f51a8ec2d75dc5f12f') in 0.013078 seconds 
  Import took 0.016290 seconds .

========================================================================
Received Import Request.
  Time since last request: 0.000256 seconds.
  path: Assets/Sprites/Hurt (10).png
  artifactKey: Guid(e4eea0b6b2613eb4896592e5e7af1e69) Importer(815301076,1909f56bfc062723c751e8b465ee728b)
Start importing Assets/Sprites/Hurt (10).png using Guid(e4eea0b6b2613eb4896592e5e7af1e69) Importer(815301076,1909f56bfc062723c751e8b465ee728b)  -> (artifact id: '7c658efa8797cff10253256b93c4b794') in 0.012943 seconds 
  Import took 0.016278 seconds .

========================================================================
Received Import Request.
  Time since last request: 0.000189 seconds.
  path: Assets/Sprites/Fall (8).png
  artifactKey: Guid(dba064357a447eb41bfc7ee190fde5e5) Importer(815301076,1909f56bfc062723c751e8b465ee728b)
Start importing Assets/Sprites/Fall (8).png using Guid(dba064357a447eb41bfc7ee190fde5e5) Importer(815301076,1909f56bfc062723c751e8b465ee728b)  -> (artifact id: '906d25e5d758436144025324c53aacc6') in 0.014604 seconds 
  Import took 0.019072 seconds .

========================================================================
Received Import Request.
  Time since last request: 0.000203 seconds.
  path: Assets/Sprites/Run (4).png
  artifactKey: Guid(cb7c4951b67cc894faeb7a53f4850f48) Importer(815301076,1909f56bfc062723c751e8b465ee728b)
Start importing Assets/Sprites/Run (4).png using Guid(cb7c4951b67cc894faeb7a53f4850f48) Importer(815301076,1909f56bfc062723c751e8b465ee728b)  -> (artifact id: '8f1b4d25f05527552cf14bda4205acb6') in 0.012513 seconds 
  Import took 0.015950 seconds .

========================================================================
Received Import Request.
  Time since last request: 0.000196 seconds.
  path: Assets/Sprites/Fall (1).png
  artifactKey: Guid(1de04e7e512aeb247b76cbd7380a6624) Importer(815301076,1909f56bfc062723c751e8b465ee728b)
Start importing Assets/Sprites/Fall (1).png using Guid(1de04e7e512aeb247b76cbd7380a6624) Importer(815301076,1909f56bfc062723c751e8b465ee728b)  -> (artifact id: 'c6205683823837169d4c6d2138ad5e8b') in 0.013048 seconds 
  Import took 0.016583 seconds .

========================================================================
Received Import Request.
  Time since last request: 0.000266 seconds.
  path: Assets/Sprites/Slide (7).png
  artifactKey: Guid(72f1fa4ce69faa94ca39018c1ca58c40) Importer(815301076,1909f56bfc062723c751e8b465ee728b)
Start importing Assets/Sprites/Slide (7).png using Guid(72f1fa4ce69faa94ca39018c1ca58c40) Importer(815301076,1909f56bfc062723c751e8b465ee728b)  -> (artifact id: '43565e61e24bd473682659dcbbdebdea') in 0.013014 seconds 
  Import took 0.016166 seconds .

========================================================================
Received Import Request.
  Time since last request: 0.000140 seconds.
  path: Assets/Sprites/Idle (6).png
  artifactKey: Guid(cc59129759828fc4f9353831ff2f594f) Importer(815301076,1909f56bfc062723c751e8b465ee728b)
Start importing Assets/Sprites/Idle (6).png using Guid(cc59129759828fc4f9353831ff2f594f) Importer(815301076,1909f56bfc062723c751e8b465ee728b)  -> (artifact id: '4cdaf030bcbe48220e55f3d178b02213') in 0.013567 seconds 
  Import took 0.016917 seconds .

========================================================================
Received Import Request.
  Time since last request: 0.000142 seconds.
  path: Assets/Sprites/Jump (3).png
  artifactKey: Guid(9622548c5029aa948977a809aedb261b) Importer(815301076,1909f56bfc062723c751e8b465ee728b)
Start importing Assets/Sprites/Jump (3).png using Guid(9622548c5029aa948977a809aedb261b) Importer(815301076,1909f56bfc062723c751e8b465ee728b)  -> (artifact id: '7949ab495e1004d627d3999473058117') in 0.013417 seconds 
  Import took 0.016504 seconds .

========================================================================
Received Import Request.
  Time since last request: 0.000149 seconds.
  path: Assets/Sprites/Walk (9).png
  artifactKey: Guid(38083bac3338a6a4ebbf78d630a0e7e2) Importer(815301076,1909f56bfc062723c751e8b465ee728b)
Start importing Assets/Sprites/Walk (9).png using Guid(38083bac3338a6a4ebbf78d630a0e7e2) Importer(815301076,1909f56bfc062723c751e8b465ee728b)  -> (artifact id: 'e95137f572ecba1f802eb62b7df933c8') in 0.013261 seconds 
  Import took 0.016306 seconds .

========================================================================
Received Import Request.
  Time since last request: 0.000236 seconds.
  path: Assets/Sprites/Run (3).png
  artifactKey: Guid(cddf402343168624381615fd0df4cfd5) Importer(815301076,1909f56bfc062723c751e8b465ee728b)
Start importing Assets/Sprites/Run (3).png using Guid(cddf402343168624381615fd0df4cfd5) Importer(815301076,1909f56bfc062723c751e8b465ee728b)  -> (artifact id: '98ee6c2b0e2115b1ad0571f3250b18cf') in 0.013117 seconds 
  Import took 0.016199 seconds .

========================================================================
Received Import Request.
  Time since last request: 0.000226 seconds.
  path: Assets/Sprites/Walk (8).png
  artifactKey: Guid(370c179e6fc02fe4ab5daebf3868394b) Importer(815301076,1909f56bfc062723c751e8b465ee728b)
Start importing Assets/Sprites/Walk (8).png using Guid(370c179e6fc02fe4ab5daebf3868394b) Importer(815301076,1909f56bfc062723c751e8b465ee728b)  -> (artifact id: '4d6ec0340a2660d46d16cf6e56c3d9ba') in 0.012821 seconds 
  Import took 0.016007 seconds .

========================================================================
Received Import Request.
  Time since last request: 0.000287 seconds.
  path: Assets/Sprites/Slide (4).png
  artifactKey: Guid(0469d1230efddb54d933f1d9e7672cb2) Importer(815301076,1909f56bfc062723c751e8b465ee728b)
Start importing Assets/Sprites/Slide (4).png using Guid(0469d1230efddb54d933f1d9e7672cb2) Importer(815301076,1909f56bfc062723c751e8b465ee728b)  -> (artifact id: 'f0c9699c99c0acb0fa035fa12e894ad7') in 0.013127 seconds 
  Import took 0.016396 seconds .

========================================================================
Received Import Request.
  Time since last request: 0.000185 seconds.
  path: Assets/Sprites/Run (7).png
  artifactKey: Guid(bf15df6e39fbd3f449c40d1bf431e353) Importer(815301076,1909f56bfc062723c751e8b465ee728b)
Start importing Assets/Sprites/Run (7).png using Guid(bf15df6e39fbd3f449c40d1bf431e353) Importer(815301076,1909f56bfc062723c751e8b465ee728b)  -> (artifact id: '0639ee177d9952b680b9ae30c48e1e96') in 0.013369 seconds 
  Import took 0.016445 seconds .

========================================================================
Received Import Request.
  Time since last request: 0.000135 seconds.
  path: Assets/Sprites/Fall (5).png
  artifactKey: Guid(03ab01a719357d64492b218b03ce50c7) Importer(815301076,1909f56bfc062723c751e8b465ee728b)
Start importing Assets/Sprites/Fall (5).png using Guid(03ab01a719357d64492b218b03ce50c7) Importer(815301076,1909f56bfc062723c751e8b465ee728b)  -> (artifact id: 'a008ca0e2999abc0fa0e93f86c4c826c') in 0.013060 seconds 
  Import took 0.016443 seconds .

========================================================================
Received Import Request.
  Time since last request: 0.000186 seconds.
  path: Assets/Sprites/Walk (5).png
  artifactKey: Guid(c459a79e796e3c5418c53f5c589ada55) Importer(815301076,1909f56bfc062723c751e8b465ee728b)
Start importing Assets/Sprites/Walk (5).png using Guid(c459a79e796e3c5418c53f5c589ada55) Importer(815301076,1909f56bfc062723c751e8b465ee728b)  -> (artifact id: '3b646f1315a1c409d8b857d5299be75e') in 0.012548 seconds 
  Import took 0.015754 seconds .

========================================================================
Received Import Request.
  Time since last request: 0.000212 seconds.
  path: Assets/Sprites/Dead (9).png
  artifactKey: Guid(c1cdbd31b75afe44bb0cc764a3267d4f) Importer(815301076,1909f56bfc062723c751e8b465ee728b)
Start importing Assets/Sprites/Dead (9).png using Guid(c1cdbd31b75afe44bb0cc764a3267d4f) Importer(815301076,1909f56bfc062723c751e8b465ee728b)  -> (artifact id: '8840873fc0c222105f3ad5aab2434d1a') in 0.014017 seconds 
  Import took 0.017160 seconds .

========================================================================
Received Import Request.
  Time since last request: 0.000234 seconds.
  path: Assets/Sprites/Hurt (8).png
  artifactKey: Guid(5ab7ba4d264ecc6469e77c72c33bb58e) Importer(815301076,1909f56bfc062723c751e8b465ee728b)
Start importing Assets/Sprites/Hurt (8).png using Guid(5ab7ba4d264ecc6469e77c72c33bb58e) Importer(815301076,1909f56bfc062723c751e8b465ee728b)  -> (artifact id: '0bf7c4c3909b9619dfd01e0781250330') in 0.013128 seconds 
  Import took 0.016322 seconds .

========================================================================
Received Import Request.
  Time since last request: 0.000156 seconds.
  path: Assets/Sprites/Slide (2).png
  artifactKey: Guid(8cd3c0c0716f546469d3714706251d34) Importer(815301076,1909f56bfc062723c751e8b465ee728b)
Start importing Assets/Sprites/Slide (2).png using Guid(8cd3c0c0716f546469d3714706251d34) Importer(815301076,1909f56bfc062723c751e8b465ee728b)  -> (artifact id: '1fe26d76f7ff612bbc3260317255a213') in 0.012737 seconds 
  Import took 0.015944 seconds .

========================================================================
Received Import Request.
  Time since last request: 0.000178 seconds.
  path: Assets/Sprites/Run (8).png
  artifactKey: Guid(ccea164d1cc181d4c8f75f654cc79e65) Importer(815301076,1909f56bfc062723c751e8b465ee728b)
Start importing Assets/Sprites/Run (8).png using Guid(ccea164d1cc181d4c8f75f654cc79e65) Importer(815301076,1909f56bfc062723c751e8b465ee728b)  -> (artifact id: 'efbd07acd3fe693eba9bceb82f409463') in 0.013470 seconds 
  Import took 0.017229 seconds .

========================================================================
Received Import Request.
  Time since last request: 0.000348 seconds.
  path: Assets/Sprites/Hurt (2).png
  artifactKey: Guid(ea63f7dc10f80124ea39c69f4251c4f9) Importer(815301076,1909f56bfc062723c751e8b465ee728b)
Start importing Assets/Sprites/Hurt (2).png using Guid(ea63f7dc10f80124ea39c69f4251c4f9) Importer(815301076,1909f56bfc062723c751e8b465ee728b)  -> (artifact id: '75c02475b9cf3ce857c93fe5faa974e9') in 0.012529 seconds 
  Import took 0.016040 seconds .

========================================================================
Received Import Request.
  Time since last request: 0.000240 seconds.
  path: Assets/Sprites/Walk (7).png
  artifactKey: Guid(e7486747e3b87d0418bac3f405039f01) Importer(815301076,1909f56bfc062723c751e8b465ee728b)
Start importing Assets/Sprites/Walk (7).png using Guid(e7486747e3b87d0418bac3f405039f01) Importer(815301076,1909f56bfc062723c751e8b465ee728b)  -> (artifact id: '6a9f85010f185b6f3f7a65c87acfe54b') in 0.013351 seconds 
  Import took 0.016560 seconds .

========================================================================
Received Import Request.
  Time since last request: 0.000183 seconds.
  path: Assets/Sprites/Run (2).png
  artifactKey: Guid(85739c5b0c921ac4990349140bb98c11) Importer(815301076,1909f56bfc062723c751e8b465ee728b)
Start importing Assets/Sprites/Run (2).png using Guid(85739c5b0c921ac4990349140bb98c11) Importer(815301076,1909f56bfc062723c751e8b465ee728b)  -> (artifact id: '3e33dc3e357f1fa1022470b73e193da0') in 0.012727 seconds 
  Import took 0.015908 seconds .

========================================================================
Received Import Request.
  Time since last request: 0.000197 seconds.
  path: Assets/Sprites/Dead (2).png
  artifactKey: Guid(27ebced3a6d7d41489f8320f2cab35c8) Importer(815301076,1909f56bfc062723c751e8b465ee728b)
Start importing Assets/Sprites/Dead (2).png using Guid(27ebced3a6d7d41489f8320f2cab35c8) Importer(815301076,1909f56bfc062723c751e8b465ee728b)  -> (artifact id: 'd2a6a9c99fd918984cd971b3f0569218') in 0.015248 seconds 
  Import took 0.018867 seconds .

========================================================================
Received Import Request.
  Time since last request: 0.000239 seconds.
  path: Assets/Sprites/Idle (7).png
  artifactKey: Guid(00c3ec1bd436f3646bbacfa648ae8fb7) Importer(815301076,1909f56bfc062723c751e8b465ee728b)
Start importing Assets/Sprites/Idle (7).png using Guid(00c3ec1bd436f3646bbacfa648ae8fb7) Importer(815301076,1909f56bfc062723c751e8b465ee728b)  -> (artifact id: '788ea24629ff68b2b819726cf477e249') in 0.013930 seconds 
  Import took 0.017303 seconds .

========================================================================
Received Import Request.
  Time since last request: 0.000193 seconds.
  path: Assets/Sprites/Idle (9).png
  artifactKey: Guid(a3f3ac5ac92d15f469aff3cb8ffd102e) Importer(815301076,1909f56bfc062723c751e8b465ee728b)
Start importing Assets/Sprites/Idle (9).png using Guid(a3f3ac5ac92d15f469aff3cb8ffd102e) Importer(815301076,1909f56bfc062723c751e8b465ee728b)  -> (artifact id: 'e0996f86d1cc28aa6177299eda41573c') in 0.013325 seconds 
  Import took 0.016270 seconds .

========================================================================
Received Import Request.
  Time since last request: 0.000204 seconds.
  path: Assets/Sprites/Hurt (3).png
  artifactKey: Guid(d14bb97dae7a3a544850f8674ea1e0a8) Importer(815301076,1909f56bfc062723c751e8b465ee728b)
Start importing Assets/Sprites/Hurt (3).png using Guid(d14bb97dae7a3a544850f8674ea1e0a8) Importer(815301076,1909f56bfc062723c751e8b465ee728b)  -> (artifact id: '0833a8075be25eedaf06873a569d251e') in 0.012794 seconds 
  Import took 0.015838 seconds .

========================================================================
Received Import Request.
  Time since last request: 0.000262 seconds.
  path: Assets/Sprites/Idle (4).png
  artifactKey: Guid(72a1352948e93db43b006c09f1f8b88b) Importer(815301076,1909f56bfc062723c751e8b465ee728b)
Start importing Assets/Sprites/Idle (4).png using Guid(72a1352948e93db43b006c09f1f8b88b) Importer(815301076,1909f56bfc062723c751e8b465ee728b)  -> (artifact id: '129b5f4fe199832235d6e36c040ee4bb') in 0.013856 seconds 
  Import took 0.016932 seconds .

========================================================================
Received Import Request.
  Time since last request: 0.000182 seconds.
  path: Assets/Sprites/Hurt (4).png
  artifactKey: Guid(2376c2cf2f6c0e94e958e555806a431b) Importer(815301076,1909f56bfc062723c751e8b465ee728b)
Start importing Assets/Sprites/Hurt (4).png using Guid(2376c2cf2f6c0e94e958e555806a431b) Importer(815301076,1909f56bfc062723c751e8b465ee728b)  -> (artifact id: 'd3d22d5f6ffea1a9389ec8c24ace9318') in 0.013308 seconds 
  Import took 0.016390 seconds .

========================================================================
Received Import Request.
  Time since last request: 0.000258 seconds.
  path: Assets/Sprites/Slide (10).png
  artifactKey: Guid(3a8fde502d3e828489004242f0ad57c6) Importer(815301076,1909f56bfc062723c751e8b465ee728b)
Start importing Assets/Sprites/Slide (10).png using Guid(3a8fde502d3e828489004242f0ad57c6) Importer(815301076,1909f56bfc062723c751e8b465ee728b)  -> (artifact id: 'babc38cbd0168b6449269a2deb5ac1ef') in 0.012689 seconds 
  Import took 0.015671 seconds .

========================================================================
Received Import Request.
  Time since last request: 0.000208 seconds.
  path: Assets/Sprites/Walk (6).png
  artifactKey: Guid(e4d6a28aa31db0347b42ebbc0a24b0b8) Importer(815301076,1909f56bfc062723c751e8b465ee728b)
Start importing Assets/Sprites/Walk (6).png using Guid(e4d6a28aa31db0347b42ebbc0a24b0b8) Importer(815301076,1909f56bfc062723c751e8b465ee728b)  -> (artifact id: 'e6b691b4901d3e9baa0c1124fbb960f7') in 0.014535 seconds 
  Import took 0.017740 seconds .

========================================================================
Received Import Request.
  Time since last request: 0.000222 seconds.
  path: Assets/Sprites/Fall (7).png
  artifactKey: Guid(f1f6da4fea9778e42b46848eb9ac41fc) Importer(815301076,1909f56bfc062723c751e8b465ee728b)
Start importing Assets/Sprites/Fall (7).png using Guid(f1f6da4fea9778e42b46848eb9ac41fc) Importer(815301076,1909f56bfc062723c751e8b465ee728b)  -> (artifact id: '4d7ab1479a292e68d3db9b9f365de92f') in 0.013208 seconds 
  Import took 0.016417 seconds .

========================================================================
Received Import Request.
  Time since last request: 0.000140 seconds.
  path: Assets/Sprites/Idle (10).png
  artifactKey: Guid(1d0a9ed18a6414844a15fb684943471e) Importer(815301076,1909f56bfc062723c751e8b465ee728b)
Start importing Assets/Sprites/Idle (10).png using Guid(1d0a9ed18a6414844a15fb684943471e) Importer(815301076,1909f56bfc062723c751e8b465ee728b)  -> (artifact id: 'b56bbb3249c314e687b2d56d59c2faa9') in 0.012887 seconds 
  Import took 0.016011 seconds .

========================================================================
Received Import Request.
  Time since last request: 0.000249 seconds.
  path: Assets/Sprites/Jump (4).png
  artifactKey: Guid(de85de662c37aff488eda7d1c1c6e586) Importer(815301076,1909f56bfc062723c751e8b465ee728b)
Start importing Assets/Sprites/Jump (4).png using Guid(de85de662c37aff488eda7d1c1c6e586) Importer(815301076,1909f56bfc062723c751e8b465ee728b)  -> (artifact id: '2f845be068219133cc2c71a425af80b9') in 0.013019 seconds 
  Import took 0.016834 seconds .

========================================================================
Received Import Request.
  Time since last request: 0.000260 seconds.
  path: Assets/Sprites/Jump (2).png
  artifactKey: Guid(6d7e9e97652bdbb4fb11e4e0849de36c) Importer(815301076,1909f56bfc062723c751e8b465ee728b)
Start importing Assets/Sprites/Jump (2).png using Guid(6d7e9e97652bdbb4fb11e4e0849de36c) Importer(815301076,1909f56bfc062723c751e8b465ee728b)  -> (artifact id: '7c07e83220a4d0084428c2df0a4eb333') in 0.013223 seconds 
  Import took 0.016352 seconds .

========================================================================
Received Import Request.
  Time since last request: 0.000234 seconds.
  path: Assets/Sprites/Run (5).png
  artifactKey: Guid(b02ad22fb57485547a7857a91eb48d02) Importer(815301076,1909f56bfc062723c751e8b465ee728b)
Start importing Assets/Sprites/Run (5).png using Guid(b02ad22fb57485547a7857a91eb48d02) Importer(815301076,1909f56bfc062723c751e8b465ee728b)  -> (artifact id: '86fabbaad0171f851810032a51299a93') in 0.013057 seconds 
  Import took 0.016214 seconds .

========================================================================
Received Import Request.
  Time since last request: 0.000175 seconds.
  path: Assets/Sprites/Slide (5).png
  artifactKey: Guid(59a808b3f46f71f48acd2660c31ea83f) Importer(815301076,1909f56bfc062723c751e8b465ee728b)
Start importing Assets/Sprites/Slide (5).png using Guid(59a808b3f46f71f48acd2660c31ea83f) Importer(815301076,1909f56bfc062723c751e8b465ee728b)  -> (artifact id: '0a145156bdefe1ae67c2651eea31c66b') in 0.012927 seconds 
  Import took 0.015995 seconds .

========================================================================
Received Import Request.
  Time since last request: 0.000177 seconds.
  path: Assets/Sprites/Jump (5).png
  artifactKey: Guid(b2482d94849f4284da9930809356d97e) Importer(815301076,1909f56bfc062723c751e8b465ee728b)
Start importing Assets/Sprites/Jump (5).png using Guid(b2482d94849f4284da9930809356d97e) Importer(815301076,1909f56bfc062723c751e8b465ee728b)  -> (artifact id: 'e6df9293e6509c2ba209b3147b4c9e08') in 0.015052 seconds 
  Import took 0.018083 seconds .

========================================================================
Received Import Request.
  Time since last request: 0.000189 seconds.
  path: Assets/Sprites/Jump (7).png
  artifactKey: Guid(68f4ddba533623e42aae6d85a6d120f1) Importer(815301076,1909f56bfc062723c751e8b465ee728b)
Start importing Assets/Sprites/Jump (7).png using Guid(68f4ddba533623e42aae6d85a6d120f1) Importer(815301076,1909f56bfc062723c751e8b465ee728b)  -> (artifact id: '6ea5e015edc83efc37647ab85ce0211b') in 0.012928 seconds 
  Import took 0.016233 seconds .

========================================================================
Received Import Request.
  Time since last request: 0.000161 seconds.
  path: Assets/Sprites/Slide (1).png
  artifactKey: Guid(1c1d8ec7f60355549ab885ebdc5469bb) Importer(815301076,1909f56bfc062723c751e8b465ee728b)
Start importing Assets/Sprites/Slide (1).png using Guid(1c1d8ec7f60355549ab885ebdc5469bb) Importer(815301076,1909f56bfc062723c751e8b465ee728b)  -> (artifact id: '338efe4310367c557538e1f4c96b69e4') in 0.012703 seconds 
  Import took 0.015917 seconds .

========================================================================
Received Import Request.
  Time since last request: 0.000218 seconds.
  path: Assets/Sprites/Slide (8).png
  artifactKey: Guid(77a05d80b062aeb47b7fe55ef7497dee) Importer(815301076,1909f56bfc062723c751e8b465ee728b)
Start importing Assets/Sprites/Slide (8).png using Guid(77a05d80b062aeb47b7fe55ef7497dee) Importer(815301076,1909f56bfc062723c751e8b465ee728b)  -> (artifact id: '1a08b76c38f1e1ac4caf692d4846aade') in 0.013328 seconds 
  Import took 0.016460 seconds .

========================================================================
Received Import Request.
  Time since last request: 0.000214 seconds.
  path: Assets/Sprites/Walk (10).png
  artifactKey: Guid(460181eea6441634aad72770be600473) Importer(815301076,1909f56bfc062723c751e8b465ee728b)
Start importing Assets/Sprites/Walk (10).png using Guid(460181eea6441634aad72770be600473) Importer(815301076,1909f56bfc062723c751e8b465ee728b)  -> (artifact id: 'dff8c316dcf2b31c72772ac86aee3b7e') in 0.012919 seconds 
  Import took 0.016384 seconds .

========================================================================
Received Import Request.
  Time since last request: 0.000180 seconds.
  path: Assets/Sprites/Hurt (1).png
  artifactKey: Guid(66dd512b4c43f584c987137533520ba0) Importer(815301076,1909f56bfc062723c751e8b465ee728b)
Start importing Assets/Sprites/Hurt (1).png using Guid(66dd512b4c43f584c987137533520ba0) Importer(815301076,1909f56bfc062723c751e8b465ee728b)  -> (artifact id: '6b3944fa5f249b4cbd8bf7fda46beb1b') in 0.012987 seconds 
  Import took 0.016253 seconds .

========================================================================
Received Import Request.
  Time since last request: 0.000256 seconds.
  path: Assets/Sprites/Run (6).png
  artifactKey: Guid(0a4a5f81421d977448b1394670c383c1) Importer(815301076,1909f56bfc062723c751e8b465ee728b)
Start importing Assets/Sprites/Run (6).png using Guid(0a4a5f81421d977448b1394670c383c1) Importer(815301076,1909f56bfc062723c751e8b465ee728b)  -> (artifact id: '75178a734322a806cf50be23d0cb949a') in 0.012731 seconds 
  Import took 0.015755 seconds .

========================================================================
Received Import Request.
  Time since last request: 0.000217 seconds.
  path: Assets/Sprites/Dead (5).png
  artifactKey: Guid(352111ecbef236c49a6ab7c1a8536875) Importer(815301076,1909f56bfc062723c751e8b465ee728b)
Start importing Assets/Sprites/Dead (5).png using Guid(352111ecbef236c49a6ab7c1a8536875) Importer(815301076,1909f56bfc062723c751e8b465ee728b)  -> (artifact id: '661713e69d6c16fee63273899c28864e') in 0.013600 seconds 
  Import took 0.016659 seconds .

========================================================================
Received Import Request.
  Time since last request: 0.000235 seconds.
  path: Assets/Sprites/Idle (2).png
  artifactKey: Guid(aa576a692ee6f674eb35b7efe01e0033) Importer(815301076,1909f56bfc062723c751e8b465ee728b)
Start importing Assets/Sprites/Idle (2).png using Guid(aa576a692ee6f674eb35b7efe01e0033) Importer(815301076,1909f56bfc062723c751e8b465ee728b)  -> (artifact id: 'cd07adfa01297524b6dbb7e79bb4dd34') in 0.012608 seconds 
  Import took 0.015894 seconds .

========================================================================
Received Import Request.
  Time since last request: 0.000201 seconds.
  path: Assets/Sprites/Fall (3).png
  artifactKey: Guid(04a2bc0c138a0284180035f17f7c0cd6) Importer(815301076,1909f56bfc062723c751e8b465ee728b)
Start importing Assets/Sprites/Fall (3).png using Guid(04a2bc0c138a0284180035f17f7c0cd6) Importer(815301076,1909f56bfc062723c751e8b465ee728b)  -> (artifact id: '78f039b543c09564215936f4eeb72344') in 0.012452 seconds 
  Import took 0.015531 seconds .

========================================================================
Received Import Request.
  Time since last request: 0.000182 seconds.
  path: Assets/Sprites/Idle (8).png
  artifactKey: Guid(adbc3c7a3b02e2f4692ed903264f9bd5) Importer(815301076,1909f56bfc062723c751e8b465ee728b)
Start importing Assets/Sprites/Idle (8).png using Guid(adbc3c7a3b02e2f4692ed903264f9bd5) Importer(815301076,1909f56bfc062723c751e8b465ee728b)  -> (artifact id: '62848186507ec9e8a01490b515ee3c87') in 0.014444 seconds 
  Import took 0.017570 seconds .

========================================================================
Received Import Request.
  Time since last request: 0.000276 seconds.
  path: Assets/Sprites/Jump (6).png
  artifactKey: Guid(e0107a50dc7d4c343bbb09b7226a70c7) Importer(815301076,1909f56bfc062723c751e8b465ee728b)
Start importing Assets/Sprites/Jump (6).png using Guid(e0107a50dc7d4c343bbb09b7226a70c7) Importer(815301076,1909f56bfc062723c751e8b465ee728b)  -> (artifact id: '8b04dbe02c801ab7e8f7ab04b8752a96') in 0.012864 seconds 
  Import took 0.015922 seconds .

========================================================================
Received Import Request.
  Time since last request: 0.000238 seconds.
  path: Assets/Sprites/Dead (3).png
  artifactKey: Guid(2d23f3f4fd6f367418a3670f21a54c2c) Importer(815301076,1909f56bfc062723c751e8b465ee728b)
Start importing Assets/Sprites/Dead (3).png using Guid(2d23f3f4fd6f367418a3670f21a54c2c) Importer(815301076,1909f56bfc062723c751e8b465ee728b)  -> (artifact id: '66ed110ac3a576b1a73e724b092b3042') in 0.012717 seconds 
  Import took 0.016123 seconds .

========================================================================
Received Import Request.
  Time since last request: 0.000262 seconds.
  path: Assets/Sprites/Slide (6).png
  artifactKey: Guid(c93170555b0715c478420afb5ba11e6f) Importer(815301076,1909f56bfc062723c751e8b465ee728b)
Start importing Assets/Sprites/Slide (6).png using Guid(c93170555b0715c478420afb5ba11e6f) Importer(815301076,1909f56bfc062723c751e8b465ee728b)  -> (artifact id: 'f753c027ed61b0b278ad11db37a65e1b') in 0.012837 seconds 
  Import took 0.016033 seconds .

========================================================================
Received Import Request.
  Time since last request: 0.000183 seconds.
  path: Assets/Sprites/Jump (8).png
  artifactKey: Guid(e934ca801e67b124ba839fe852d98b7d) Importer(815301076,1909f56bfc062723c751e8b465ee728b)
Start importing Assets/Sprites/Jump (8).png using Guid(e934ca801e67b124ba839fe852d98b7d) Importer(815301076,1909f56bfc062723c751e8b465ee728b)  -> (artifact id: '58b14aeacc09a8852868d155b9f55c8d') in 0.013153 seconds 
  Import took 0.016299 seconds .

========================================================================
Received Prepare
Registering precompiled user dll's ...
Registered in 0.005064 seconds.
Begin MonoManager ReloadAssembly
Native extension for WindowsStandalone target not found
Refreshing native plugins compatible for Editor in 0.53 ms, found 3 plugins.
Preloading 0 native plugins for Editor in 0.00 ms.
Mono: successfully reloaded assembly
- Completed reload, in  1.105 seconds
Domain Reload Profiling:
	ReloadAssembly (1105ms)
		BeginReloadAssembly (116ms)
			ExecutionOrderSort (0ms)
			DisableScriptedObjects (6ms)
			BackupInstance (0ms)
			ReleaseScriptingObjects (0ms)
			CreateAndSetChildDomain (36ms)
		EndReloadAssembly (925ms)
			LoadAssemblies (91ms)
			RebuildTransferFunctionScriptingTraits (0ms)
			SetupTypeCache (284ms)
			ReleaseScriptCaches (1ms)
			RebuildScriptCaches (43ms)
			SetupLoadedEditorAssemblies (373ms)
				LogAssemblyErrors (0ms)
				InitializePlatformSupportModulesInManaged (8ms)
				SetLoadedEditorAssemblies (1ms)
				RefreshPlugins (1ms)
				BeforeProcessingInitializeOnLoad (96ms)
				ProcessInitializeOnLoadAttributes (256ms)
				ProcessInitializeOnLoadMethodAttributes (6ms)
				AfterProcessingInitializeOnLoad (6ms)
				EditorAssembliesLoaded (0ms)
			ExecutionOrderSort2 (0ms)
			AwakeInstancesAfterBackupRestoration (11ms)
Platform modules already initialized, skipping
Refreshing native plugins compatible for Editor in 0.58 ms, found 3 plugins.
Preloading 0 native plugins for Editor in 0.00 ms.
Unloading 2082 Unused Serialized files (Serialized files now loaded: 0)
System memory in use before: 95.6 MB.
System memory in use after: 95.7 MB.

Unloading 16 unused Assets to reduce memory usage. Loaded Objects now: 2543.
Total: 3.258300 ms (FindLiveObjects: 0.229400 ms CreateObjectMapping: 0.100100 ms MarkObjects: 2.909100 ms  DeleteObjects: 0.018500 ms)

AssetImportParameters requested are different than current active one (requested -> active):
  custom:framework-win-MediaFoundation: 216162199b28c13a410421893ffa2e32 -> 
  custom:video-decoder-ogg-theora: a1e56fd34408186e4bbccfd4996cb3dc -> 
  custom:container-muxer-webm: aa71ff27fc2769a1b78a27578f13a17b -> 
  custom:container-demuxer-webm: 4f35f7cbe854078d1ac9338744f61a02 -> 
  custom:container-demuxer-ogg: 62fdf1f143b41e24485cea50d1cbac27 -> 
  custom:video-encoder-webm-vp8: eb34c28f22e8b96e1ab97ce403110664 -> 
  custom:video-decoder-webm-vp8: 9c59270c3fd7afecdb556c50c9e8de78 -> 
  custom:audio-decoder-ogg-vorbis: bf7c407c2cedff20999df2af8eb42d56 -> 
  custom:audio-encoder-webm-vorbis: bf7c407c2cedff20999df2af8eb42d56 -> 
========================================================================
Received Import Request.
  Time since last request: 373.609395 seconds.
  path: Assets/Scripts/script.cs
  artifactKey: Guid(7c9130fcb086e7345a408f08cd9f0641) Importer(815301076,1909f56bfc062723c751e8b465ee728b)
Start importing Assets/Scripts/script.cs using Guid(7c9130fcb086e7345a408f08cd9f0641) Importer(815301076,1909f56bfc062723c751e8b465ee728b)  -> (artifact id: '1b1d9fa6f0e949ddc21b38585c7d8ec0') in 0.010486 seconds 
  Import took 0.015026 seconds .

========================================================================
Received Prepare
Registering precompiled user dll's ...
Registered in 0.003992 seconds.
Begin MonoManager ReloadAssembly
Native extension for WindowsStandalone target not found
Refreshing native plugins compatible for Editor in 0.46 ms, found 3 plugins.
Preloading 0 native plugins for Editor in 0.00 ms.
Mono: successfully reloaded assembly
- Completed reload, in  1.087 seconds
Domain Reload Profiling:
	ReloadAssembly (1087ms)
		BeginReloadAssembly (120ms)
			ExecutionOrderSort (0ms)
			DisableScriptedObjects (6ms)
			BackupInstance (0ms)
			ReleaseScriptingObjects (0ms)
			CreateAndSetChildDomain (36ms)
		EndReloadAssembly (906ms)
			LoadAssemblies (85ms)
			RebuildTransferFunctionScriptingTraits (0ms)
			SetupTypeCache (281ms)
			ReleaseScriptCaches (1ms)
			RebuildScriptCaches (49ms)
			SetupLoadedEditorAssemblies (387ms)
				LogAssemblyErrors (0ms)
				InitializePlatformSupportModulesInManaged (5ms)
				SetLoadedEditorAssemblies (0ms)
				RefreshPlugins (1ms)
				BeforeProcessingInitializeOnLoad (91ms)
				ProcessInitializeOnLoadAttributes (274ms)
				ProcessInitializeOnLoadMethodAttributes (8ms)
				AfterProcessingInitializeOnLoad (8ms)
				EditorAssembliesLoaded (0ms)
			ExecutionOrderSort2 (0ms)
			AwakeInstancesAfterBackupRestoration (11ms)
Platform modules already initialized, skipping
Refreshing native plugins compatible for Editor in 0.45 ms, found 3 plugins.
Preloading 0 native plugins for Editor in 0.00 ms.
Unloading 2082 Unused Serialized files (Serialized files now loaded: 0)
System memory in use before: 95.6 MB.
System memory in use after: 95.7 MB.

Unloading 16 unused Assets to reduce memory usage. Loaded Objects now: 2546.
Total: 2.960000 ms (FindLiveObjects: 0.173500 ms CreateObjectMapping: 0.079200 ms MarkObjects: 2.688700 ms  DeleteObjects: 0.017700 ms)

AssetImportParameters requested are different than current active one (requested -> active):
  custom:framework-win-MediaFoundation: 216162199b28c13a410421893ffa2e32 -> 
  custom:video-decoder-ogg-theora: a1e56fd34408186e4bbccfd4996cb3dc -> 
  custom:container-muxer-webm: aa71ff27fc2769a1b78a27578f13a17b -> 
  custom:container-demuxer-webm: 4f35f7cbe854078d1ac9338744f61a02 -> 
  custom:container-demuxer-ogg: 62fdf1f143b41e24485cea50d1cbac27 -> 
  custom:video-encoder-webm-vp8: eb34c28f22e8b96e1ab97ce403110664 -> 
  custom:video-decoder-webm-vp8: 9c59270c3fd7afecdb556c50c9e8de78 -> 
  custom:audio-decoder-ogg-vorbis: bf7c407c2cedff20999df2af8eb42d56 -> 
  custom:audio-encoder-webm-vorbis: bf7c407c2cedff20999df2af8eb42d56 -> 
========================================================================
Received Import Request.
  Time since last request: 91.519638 seconds.
  path: Assets/Scripts/Control.cs
  artifactKey: Guid(7c9130fcb086e7345a408f08cd9f0641) Importer(815301076,1909f56bfc062723c751e8b465ee728b)
Start importing Assets/Scripts/Control.cs using Guid(7c9130fcb086e7345a408f08cd9f0641) Importer(815301076,1909f56bfc062723c751e8b465ee728b)  -> (artifact id: '8d4ea2ee30f6e2814a141bc4ce3c3b20') in 0.009820 seconds 
  Import took 0.013355 seconds .

========================================================================
Received Prepare
Registering precompiled user dll's ...
Registered in 0.003927 seconds.
Begin MonoManager ReloadAssembly
Native extension for WindowsStandalone target not found
Refreshing native plugins compatible for Editor in 0.46 ms, found 3 plugins.
Preloading 0 native plugins for Editor in 0.00 ms.
Mono: successfully reloaded assembly
- Completed reload, in  1.071 seconds
Domain Reload Profiling:
	ReloadAssembly (1071ms)
		BeginReloadAssembly (118ms)
			ExecutionOrderSort (0ms)
			DisableScriptedObjects (6ms)
			BackupInstance (0ms)
			ReleaseScriptingObjects (0ms)
			CreateAndSetChildDomain (33ms)
		EndReloadAssembly (892ms)
			LoadAssemblies (85ms)
			RebuildTransferFunctionScriptingTraits (0ms)
			SetupTypeCache (283ms)
			ReleaseScriptCaches (1ms)
			RebuildScriptCaches (42ms)
			SetupLoadedEditorAssemblies (373ms)
				LogAssemblyErrors (0ms)
				InitializePlatformSupportModulesInManaged (5ms)
				SetLoadedEditorAssemblies (0ms)
				RefreshPlugins (1ms)
				BeforeProcessingInitializeOnLoad (93ms)
				ProcessInitializeOnLoadAttributes (262ms)
				ProcessInitializeOnLoadMethodAttributes (6ms)
				AfterProcessingInitializeOnLoad (6ms)
				EditorAssembliesLoaded (0ms)
			ExecutionOrderSort2 (0ms)
			AwakeInstancesAfterBackupRestoration (11ms)
Platform modules already initialized, skipping
Refreshing native plugins compatible for Editor in 0.45 ms, found 3 plugins.
Preloading 0 native plugins for Editor in 0.00 ms.
Unloading 2082 Unused Serialized files (Serialized files now loaded: 0)
System memory in use before: 95.6 MB.
System memory in use after: 95.7 MB.

Unloading 16 unused Assets to reduce memory usage. Loaded Objects now: 2549.
Total: 3.124000 ms (FindLiveObjects: 0.195500 ms CreateObjectMapping: 0.075200 ms MarkObjects: 2.835200 ms  DeleteObjects: 0.016900 ms)

AssetImportParameters requested are different than current active one (requested -> active):
  custom:framework-win-MediaFoundation: 216162199b28c13a410421893ffa2e32 -> 
  custom:video-decoder-ogg-theora: a1e56fd34408186e4bbccfd4996cb3dc -> 
  custom:container-muxer-webm: aa71ff27fc2769a1b78a27578f13a17b -> 
  custom:container-demuxer-webm: 4f35f7cbe854078d1ac9338744f61a02 -> 
  custom:container-demuxer-ogg: 62fdf1f143b41e24485cea50d1cbac27 -> 
  custom:video-encoder-webm-vp8: eb34c28f22e8b96e1ab97ce403110664 -> 
  custom:video-decoder-webm-vp8: 9c59270c3fd7afecdb556c50c9e8de78 -> 
  custom:audio-decoder-ogg-vorbis: bf7c407c2cedff20999df2af8eb42d56 -> 
  custom:audio-encoder-webm-vorbis: bf7c407c2cedff20999df2af8eb42d56 -> 
========================================================================
Received Prepare
Registering precompiled user dll's ...
Registered in 0.003991 seconds.
Begin MonoManager ReloadAssembly
Native extension for WindowsStandalone target not found
Refreshing native plugins compatible for Editor in 0.46 ms, found 3 plugins.
Preloading 0 native plugins for Editor in 0.00 ms.
Mono: successfully reloaded assembly
- Completed reload, in  1.046 seconds
Domain Reload Profiling:
	ReloadAssembly (1047ms)
		BeginReloadAssembly (110ms)
			ExecutionOrderSort (0ms)
			DisableScriptedObjects (6ms)
			BackupInstance (0ms)
			ReleaseScriptingObjects (0ms)
			CreateAndSetChildDomain (34ms)
		EndReloadAssembly (873ms)
			LoadAssemblies (86ms)
			RebuildTransferFunctionScriptingTraits (0ms)
			SetupTypeCache (275ms)
			ReleaseScriptCaches (1ms)
			RebuildScriptCaches (42ms)
			SetupLoadedEditorAssemblies (366ms)
				LogAssemblyErrors (0ms)
				InitializePlatformSupportModulesInManaged (5ms)
				SetLoadedEditorAssemblies (0ms)
				RefreshPlugins (1ms)
				BeforeProcessingInitializeOnLoad (92ms)
				ProcessInitializeOnLoadAttributes (257ms)
				ProcessInitializeOnLoadMethodAttributes (6ms)
				AfterProcessingInitializeOnLoad (6ms)
				EditorAssembliesLoaded (0ms)
			ExecutionOrderSort2 (0ms)
			AwakeInstancesAfterBackupRestoration (11ms)
Platform modules already initialized, skipping
Refreshing native plugins compatible for Editor in 0.49 ms, found 3 plugins.
Preloading 0 native plugins for Editor in 0.00 ms.
Unloading 2083 Unused Serialized files (Serialized files now loaded: 0)
System memory in use before: 95.6 MB.
System memory in use after: 95.8 MB.

Unloading 16 unused Assets to reduce memory usage. Loaded Objects now: 2553.
Total: 2.859200 ms (FindLiveObjects: 0.187200 ms CreateObjectMapping: 0.078600 ms MarkObjects: 2.575400 ms  DeleteObjects: 0.016900 ms)

AssetImportParameters requested are different than current active one (requested -> active):
  custom:framework-win-MediaFoundation: 216162199b28c13a410421893ffa2e32 -> 
  custom:video-decoder-ogg-theora: a1e56fd34408186e4bbccfd4996cb3dc -> 
  custom:container-muxer-webm: aa71ff27fc2769a1b78a27578f13a17b -> 
  custom:container-demuxer-webm: 4f35f7cbe854078d1ac9338744f61a02 -> 
  custom:container-demuxer-ogg: 62fdf1f143b41e24485cea50d1cbac27 -> 
  custom:video-encoder-webm-vp8: eb34c28f22e8b96e1ab97ce403110664 -> 
  custom:video-decoder-webm-vp8: 9c59270c3fd7afecdb556c50c9e8de78 -> 
  custom:audio-decoder-ogg-vorbis: bf7c407c2cedff20999df2af8eb42d56 -> 
  custom:audio-encoder-webm-vorbis: bf7c407c2cedff20999df2af8eb42d56 -> 
========================================================================
Received Import Request.
  Time since last request: 36.805921 seconds.
  path: Assets/NewBehaviourScript.cs
  artifactKey: Guid(a6f07d75326d7e24ca888bec937cb8b1) Importer(815301076,1909f56bfc062723c751e8b465ee728b)
Start importing Assets/NewBehaviourScript.cs using Guid(a6f07d75326d7e24ca888bec937cb8b1) Importer(815301076,1909f56bfc062723c751e8b465ee728b)  -> (artifact id: '23b58f9962b4df8f6f19503720979085') in 0.008513 seconds 
  Import took 0.011971 seconds .

========================================================================
Received Prepare
Registering precompiled user dll's ...
Registered in 0.003970 seconds.
Begin MonoManager ReloadAssembly
Native extension for WindowsStandalone target not found
Refreshing native plugins compatible for Editor in 0.53 ms, found 3 plugins.
Preloading 0 native plugins for Editor in 0.00 ms.
Mono: successfully reloaded assembly
- Completed reload, in  1.200 seconds
Domain Reload Profiling:
	ReloadAssembly (1200ms)
		BeginReloadAssembly (110ms)
			ExecutionOrderSort (0ms)
			DisableScriptedObjects (6ms)
			BackupInstance (0ms)
			ReleaseScriptingObjects (0ms)
			CreateAndSetChildDomain (34ms)
		EndReloadAssembly (1020ms)
			LoadAssemblies (85ms)
			RebuildTransferFunctionScriptingTraits (0ms)
			SetupTypeCache (358ms)
			ReleaseScriptCaches (1ms)
			RebuildScriptCaches (45ms)
			SetupLoadedEditorAssemblies (410ms)
				LogAssemblyErrors (0ms)
				InitializePlatformSupportModulesInManaged (5ms)
				SetLoadedEditorAssemblies (0ms)
				RefreshPlugins (1ms)
				BeforeProcessingInitializeOnLoad (103ms)
				ProcessInitializeOnLoadAttributes (286ms)
				ProcessInitializeOnLoadMethodAttributes (7ms)
				AfterProcessingInitializeOnLoad (7ms)
				EditorAssembliesLoaded (0ms)
			ExecutionOrderSort2 (0ms)
			AwakeInstancesAfterBackupRestoration (13ms)
Platform modules already initialized, skipping
Refreshing native plugins compatible for Editor in 0.46 ms, found 3 plugins.
Preloading 0 native plugins for Editor in 0.00 ms.
Unloading 2082 Unused Serialized files (Serialized files now loaded: 0)
System memory in use before: 95.6 MB.
System memory in use after: 95.7 MB.

Unloading 17 unused Assets to reduce memory usage. Loaded Objects now: 2555.
Total: 3.327100 ms (FindLiveObjects: 0.225900 ms CreateObjectMapping: 0.084900 ms MarkObjects: 2.987800 ms  DeleteObjects: 0.027000 ms)

AssetImportParameters requested are different than current active one (requested -> active):
  custom:framework-win-MediaFoundation: 216162199b28c13a410421893ffa2e32 -> 
  custom:video-decoder-ogg-theora: a1e56fd34408186e4bbccfd4996cb3dc -> 
  custom:container-muxer-webm: aa71ff27fc2769a1b78a27578f13a17b -> 
  custom:container-demuxer-webm: 4f35f7cbe854078d1ac9338744f61a02 -> 
  custom:container-demuxer-ogg: 62fdf1f143b41e24485cea50d1cbac27 -> 
  custom:video-encoder-webm-vp8: eb34c28f22e8b96e1ab97ce403110664 -> 
  custom:video-decoder-webm-vp8: 9c59270c3fd7afecdb556c50c9e8de78 -> 
  custom:audio-decoder-ogg-vorbis: bf7c407c2cedff20999df2af8eb42d56 -> 
  custom:audio-encoder-webm-vorbis: bf7c407c2cedff20999df2af8eb42d56 -> 
========================================================================
Received Prepare
Registering precompiled user dll's ...
Registered in 0.003849 seconds.
Begin MonoManager ReloadAssembly
Native extension for WindowsStandalone target not found
Refreshing native plugins compatible for Editor in 0.48 ms, found 3 plugins.
Preloading 0 native plugins for Editor in 0.00 ms.
Mono: successfully reloaded assembly
- Completed reload, in  1.048 seconds
Domain Reload Profiling:
	ReloadAssembly (1048ms)
		BeginReloadAssembly (113ms)
			ExecutionOrderSort (0ms)
			DisableScriptedObjects (6ms)
			BackupInstance (0ms)
			ReleaseScriptingObjects (0ms)
			CreateAndSetChildDomain (31ms)
		EndReloadAssembly (874ms)
			LoadAssemblies (84ms)
			RebuildTransferFunctionScriptingTraits (0ms)
			SetupTypeCache (275ms)
			ReleaseScriptCaches (1ms)
			RebuildScriptCaches (43ms)
			SetupLoadedEditorAssemblies (367ms)
				LogAssemblyErrors (0ms)
				InitializePlatformSupportModulesInManaged (5ms)
				SetLoadedEditorAssemblies (0ms)
				RefreshPlugins (1ms)
				BeforeProcessingInitializeOnLoad (91ms)
				ProcessInitializeOnLoadAttributes (257ms)
				ProcessInitializeOnLoadMethodAttributes (6ms)
				AfterProcessingInitializeOnLoad (6ms)
				EditorAssembliesLoaded (0ms)
			ExecutionOrderSort2 (0ms)
			AwakeInstancesAfterBackupRestoration (11ms)
Platform modules already initialized, skipping
Refreshing native plugins compatible for Editor in 0.46 ms, found 3 plugins.
Preloading 0 native plugins for Editor in 0.00 ms.
Unloading 2082 Unused Serialized files (Serialized files now loaded: 0)
System memory in use before: 95.6 MB.
System memory in use after: 95.8 MB.

Unloading 16 unused Assets to reduce memory usage. Loaded Objects now: 2558.
Total: 2.973600 ms (FindLiveObjects: 0.184000 ms CreateObjectMapping: 0.076700 ms MarkObjects: 2.694900 ms  DeleteObjects: 0.016800 ms)

AssetImportParameters requested are different than current active one (requested -> active):
  custom:framework-win-MediaFoundation: 216162199b28c13a410421893ffa2e32 -> 
  custom:video-decoder-ogg-theora: a1e56fd34408186e4bbccfd4996cb3dc -> 
  custom:container-muxer-webm: aa71ff27fc2769a1b78a27578f13a17b -> 
  custom:container-demuxer-webm: 4f35f7cbe854078d1ac9338744f61a02 -> 
  custom:container-demuxer-ogg: 62fdf1f143b41e24485cea50d1cbac27 -> 
  custom:video-encoder-webm-vp8: eb34c28f22e8b96e1ab97ce403110664 -> 
  custom:video-decoder-webm-vp8: 9c59270c3fd7afecdb556c50c9e8de78 -> 
  custom:audio-decoder-ogg-vorbis: bf7c407c2cedff20999df2af8eb42d56 -> 
  custom:audio-encoder-webm-vorbis: bf7c407c2cedff20999df2af8eb42d56 -> 
========================================================================
Received Prepare
Registering precompiled user dll's ...
Registered in 0.004044 seconds.
Begin MonoManager ReloadAssembly
Native extension for WindowsStandalone target not found
Refreshing native plugins compatible for Editor in 0.48 ms, found 3 plugins.
Preloading 0 native plugins for Editor in 0.00 ms.
Mono: successfully reloaded assembly
- Completed reload, in  1.116 seconds
Domain Reload Profiling:
	ReloadAssembly (1117ms)
		BeginReloadAssembly (120ms)
			ExecutionOrderSort (0ms)
			DisableScriptedObjects (7ms)
			BackupInstance (0ms)
			ReleaseScriptingObjects (0ms)
			CreateAndSetChildDomain (33ms)
		EndReloadAssembly (933ms)
			LoadAssemblies (88ms)
			RebuildTransferFunctionScriptingTraits (0ms)
			SetupTypeCache (275ms)
			ReleaseScriptCaches (1ms)
			RebuildScriptCaches (45ms)
			SetupLoadedEditorAssemblies (404ms)
				LogAssemblyErrors (0ms)
				InitializePlatformSupportModulesInManaged (6ms)
				SetLoadedEditorAssemblies (1ms)
				RefreshPlugins (1ms)
				BeforeProcessingInitializeOnLoad (98ms)
				ProcessInitializeOnLoadAttributes (286ms)
				ProcessInitializeOnLoadMethodAttributes (7ms)
				AfterProcessingInitializeOnLoad (7ms)
				EditorAssembliesLoaded (0ms)
			ExecutionOrderSort2 (0ms)
			AwakeInstancesAfterBackupRestoration (11ms)
Platform modules already initialized, skipping
Refreshing native plugins compatible for Editor in 0.49 ms, found 3 plugins.
Preloading 0 native plugins for Editor in 0.00 ms.
Unloading 2082 Unused Serialized files (Serialized files now loaded: 0)
System memory in use before: 95.6 MB.
System memory in use after: 95.8 MB.

Unloading 16 unused Assets to reduce memory usage. Loaded Objects now: 2561.
Total: 3.577500 ms (FindLiveObjects: 0.216600 ms CreateObjectMapping: 0.076700 ms MarkObjects: 3.261800 ms  DeleteObjects: 0.021300 ms)

AssetImportParameters requested are different than current active one (requested -> active):
  custom:framework-win-MediaFoundation: 216162199b28c13a410421893ffa2e32 -> 
  custom:video-decoder-ogg-theora: a1e56fd34408186e4bbccfd4996cb3dc -> 
  custom:container-muxer-webm: aa71ff27fc2769a1b78a27578f13a17b -> 
  custom:container-demuxer-webm: 4f35f7cbe854078d1ac9338744f61a02 -> 
  custom:container-demuxer-ogg: 62fdf1f143b41e24485cea50d1cbac27 -> 
  custom:video-encoder-webm-vp8: eb34c28f22e8b96e1ab97ce403110664 -> 
  custom:video-decoder-webm-vp8: 9c59270c3fd7afecdb556c50c9e8de78 -> 
  custom:audio-decoder-ogg-vorbis: bf7c407c2cedff20999df2af8eb42d56 -> 
  custom:audio-encoder-webm-vorbis: bf7c407c2cedff20999df2af8eb42d56 -> 
========================================================================
Received Prepare
Registering precompiled user dll's ...
Registered in 0.004067 seconds.
Begin MonoManager ReloadAssembly
Native extension for WindowsStandalone target not found
Refreshing native plugins compatible for Editor in 0.47 ms, found 3 plugins.
Preloading 0 native plugins for Editor in 0.00 ms.
Mono: successfully reloaded assembly
- Completed reload, in  1.118 seconds
Domain Reload Profiling:
	ReloadAssembly (1118ms)
		BeginReloadAssembly (122ms)
			ExecutionOrderSort (0ms)
			DisableScriptedObjects (7ms)
			BackupInstance (0ms)
			ReleaseScriptingObjects (0ms)
			CreateAndSetChildDomain (34ms)
		EndReloadAssembly (932ms)
			LoadAssemblies (90ms)
			RebuildTransferFunctionScriptingTraits (0ms)
			SetupTypeCache (307ms)
			ReleaseScriptCaches (1ms)
			RebuildScriptCaches (44ms)
			SetupLoadedEditorAssemblies (381ms)
				LogAssemblyErrors (0ms)
				InitializePlatformSupportModulesInManaged (5ms)
				SetLoadedEditorAssemblies (0ms)
				RefreshPlugins (1ms)
				BeforeProcessingInitializeOnLoad (97ms)
				ProcessInitializeOnLoadAttributes (265ms)
				ProcessInitializeOnLoadMethodAttributes (6ms)
				AfterProcessingInitializeOnLoad (7ms)
				EditorAssembliesLoaded (0ms)
			ExecutionOrderSort2 (0ms)
			AwakeInstancesAfterBackupRestoration (11ms)
Platform modules already initialized, skipping
Refreshing native plugins compatible for Editor in 0.45 ms, found 3 plugins.
Preloading 0 native plugins for Editor in 0.00 ms.
Unloading 2082 Unused Serialized files (Serialized files now loaded: 0)
System memory in use before: 95.7 MB.
System memory in use after: 95.8 MB.

Unloading 16 unused Assets to reduce memory usage. Loaded Objects now: 2564.
Total: 3.078900 ms (FindLiveObjects: 0.200300 ms CreateObjectMapping: 0.077300 ms MarkObjects: 2.782000 ms  DeleteObjects: 0.017900 ms)

AssetImportParameters requested are different than current active one (requested -> active):
  custom:framework-win-MediaFoundation: 216162199b28c13a410421893ffa2e32 -> 
  custom:video-decoder-ogg-theora: a1e56fd34408186e4bbccfd4996cb3dc -> 
  custom:container-muxer-webm: aa71ff27fc2769a1b78a27578f13a17b -> 
  custom:container-demuxer-webm: 4f35f7cbe854078d1ac9338744f61a02 -> 
  custom:container-demuxer-ogg: 62fdf1f143b41e24485cea50d1cbac27 -> 
  custom:video-encoder-webm-vp8: eb34c28f22e8b96e1ab97ce403110664 -> 
  custom:video-decoder-webm-vp8: 9c59270c3fd7afecdb556c50c9e8de78 -> 
  custom:audio-decoder-ogg-vorbis: bf7c407c2cedff20999df2af8eb42d56 -> 
  custom:audio-encoder-webm-vorbis: bf7c407c2cedff20999df2af8eb42d56 -> 
========================================================================
Received Prepare
Registering precompiled user dll's ...
Registered in 0.004033 seconds.
Begin MonoManager ReloadAssembly
Native extension for WindowsStandalone target not found
Refreshing native plugins compatible for Editor in 0.54 ms, found 3 plugins.
Preloading 0 native plugins for Editor in 0.00 ms.
Mono: successfully reloaded assembly
- Completed reload, in  1.149 seconds
Domain Reload Profiling:
	ReloadAssembly (1149ms)
		BeginReloadAssembly (124ms)
			ExecutionOrderSort (0ms)
			DisableScriptedObjects (7ms)
			BackupInstance (0ms)
			ReleaseScriptingObjects (0ms)
			CreateAndSetChildDomain (37ms)
		EndReloadAssembly (956ms)
			LoadAssemblies (94ms)
			RebuildTransferFunctionScriptingTraits (0ms)
			SetupTypeCache (291ms)
			ReleaseScriptCaches (1ms)
			RebuildScriptCaches (45ms)
			SetupLoadedEditorAssemblies (407ms)
				LogAssemblyErrors (0ms)
				InitializePlatformSupportModulesInManaged (6ms)
				SetLoadedEditorAssemblies (1ms)
				RefreshPlugins (1ms)
				BeforeProcessingInitializeOnLoad (99ms)
				ProcessInitializeOnLoadAttributes (287ms)
				ProcessInitializeOnLoadMethodAttributes (7ms)
				AfterProcessingInitializeOnLoad (7ms)
				EditorAssembliesLoaded (0ms)
			ExecutionOrderSort2 (0ms)
			AwakeInstancesAfterBackupRestoration (12ms)
Platform modules already initialized, skipping
Refreshing native plugins compatible for Editor in 0.47 ms, found 3 plugins.
Preloading 0 native plugins for Editor in 0.00 ms.
Unloading 2082 Unused Serialized files (Serialized files now loaded: 0)
System memory in use before: 95.7 MB.
System memory in use after: 95.8 MB.

Unloading 16 unused Assets to reduce memory usage. Loaded Objects now: 2567.
Total: 3.435400 ms (FindLiveObjects: 0.215500 ms CreateObjectMapping: 0.079900 ms MarkObjects: 3.118700 ms  DeleteObjects: 0.020200 ms)

AssetImportParameters requested are different than current active one (requested -> active):
  custom:framework-win-MediaFoundation: 216162199b28c13a410421893ffa2e32 -> 
  custom:video-decoder-ogg-theora: a1e56fd34408186e4bbccfd4996cb3dc -> 
  custom:container-muxer-webm: aa71ff27fc2769a1b78a27578f13a17b -> 
  custom:container-demuxer-webm: 4f35f7cbe854078d1ac9338744f61a02 -> 
  custom:container-demuxer-ogg: 62fdf1f143b41e24485cea50d1cbac27 -> 
  custom:video-encoder-webm-vp8: eb34c28f22e8b96e1ab97ce403110664 -> 
  custom:video-decoder-webm-vp8: 9c59270c3fd7afecdb556c50c9e8de78 -> 
  custom:audio-decoder-ogg-vorbis: bf7c407c2cedff20999df2af8eb42d56 -> 
  custom:audio-encoder-webm-vorbis: bf7c407c2cedff20999df2af8eb42d56 -> 
========================================================================
Received Prepare
Registering precompiled user dll's ...
Registered in 0.003862 seconds.
Begin MonoManager ReloadAssembly
Native extension for WindowsStandalone target not found
Refreshing native plugins compatible for Editor in 0.51 ms, found 3 plugins.
Preloading 0 native plugins for Editor in 0.00 ms.
Mono: successfully reloaded assembly
- Completed reload, in  1.120 seconds
Domain Reload Profiling:
	ReloadAssembly (1120ms)
		BeginReloadAssembly (110ms)
			ExecutionOrderSort (0ms)
			DisableScriptedObjects (6ms)
			BackupInstance (0ms)
			ReleaseScriptingObjects (0ms)
			CreateAndSetChildDomain (30ms)
		EndReloadAssembly (948ms)
			LoadAssemblies (87ms)
			RebuildTransferFunctionScriptingTraits (0ms)
			SetupTypeCache (300ms)
			ReleaseScriptCaches (1ms)
			RebuildScriptCaches (44ms)
			SetupLoadedEditorAssemblies (405ms)
				LogAssemblyErrors (0ms)
				InitializePlatformSupportModulesInManaged (5ms)
				SetLoadedEditorAssemblies (0ms)
				RefreshPlugins (1ms)
				BeforeProcessingInitializeOnLoad (94ms)
				ProcessInitializeOnLoadAttributes (293ms)
				ProcessInitializeOnLoadMethodAttributes (6ms)
				AfterProcessingInitializeOnLoad (6ms)
				EditorAssembliesLoaded (0ms)
			ExecutionOrderSort2 (0ms)
			AwakeInstancesAfterBackupRestoration (11ms)
Platform modules already initialized, skipping
Refreshing native plugins compatible for Editor in 0.48 ms, found 3 plugins.
Preloading 0 native plugins for Editor in 0.00 ms.
Unloading 2082 Unused Serialized files (Serialized files now loaded: 0)
System memory in use before: 95.7 MB.
System memory in use after: 95.8 MB.

Unloading 16 unused Assets to reduce memory usage. Loaded Objects now: 2570.
Total: 3.570400 ms (FindLiveObjects: 0.224900 ms CreateObjectMapping: 0.083500 ms MarkObjects: 3.235600 ms  DeleteObjects: 0.024900 ms)

AssetImportParameters requested are different than current active one (requested -> active):
  custom:framework-win-MediaFoundation: 216162199b28c13a410421893ffa2e32 -> 
  custom:video-decoder-ogg-theora: a1e56fd34408186e4bbccfd4996cb3dc -> 
  custom:container-muxer-webm: aa71ff27fc2769a1b78a27578f13a17b -> 
  custom:container-demuxer-webm: 4f35f7cbe854078d1ac9338744f61a02 -> 
  custom:container-demuxer-ogg: 62fdf1f143b41e24485cea50d1cbac27 -> 
  custom:video-encoder-webm-vp8: eb34c28f22e8b96e1ab97ce403110664 -> 
  custom:video-decoder-webm-vp8: 9c59270c3fd7afecdb556c50c9e8de78 -> 
  custom:audio-decoder-ogg-vorbis: bf7c407c2cedff20999df2af8eb42d56 -> 
  custom:audio-encoder-webm-vorbis: bf7c407c2cedff20999df2af8eb42d56 -> 
========================================================================
Received Prepare
Registering precompiled user dll's ...
Registered in 0.005145 seconds.
Begin MonoManager ReloadAssembly
Native extension for WindowsStandalone target not found
Refreshing native plugins compatible for Editor in 0.64 ms, found 3 plugins.
Preloading 0 native plugins for Editor in 0.00 ms.
Mono: successfully reloaded assembly
- Completed reload, in  1.145 seconds
Domain Reload Profiling:
	ReloadAssembly (1146ms)
		BeginReloadAssembly (117ms)
			ExecutionOrderSort (0ms)
			DisableScriptedObjects (7ms)
			BackupInstance (0ms)
			ReleaseScriptingObjects (0ms)
			CreateAndSetChildDomain (31ms)
		EndReloadAssembly (965ms)
			LoadAssemblies (107ms)
			RebuildTransferFunctionScriptingTraits (0ms)
			SetupTypeCache (305ms)
			ReleaseScriptCaches (1ms)
			RebuildScriptCaches (50ms)
			SetupLoadedEditorAssemblies (378ms)
				LogAssemblyErrors (0ms)
				InitializePlatformSupportModulesInManaged (5ms)
				SetLoadedEditorAssemblies (1ms)
				RefreshPlugins (1ms)
				BeforeProcessingInitializeOnLoad (94ms)
				ProcessInitializeOnLoadAttributes (265ms)
				ProcessInitializeOnLoadMethodAttributes (6ms)
				AfterProcessingInitializeOnLoad (6ms)
				EditorAssembliesLoaded (0ms)
			ExecutionOrderSort2 (0ms)
			AwakeInstancesAfterBackupRestoration (11ms)
Platform modules already initialized, skipping
Refreshing native plugins compatible for Editor in 0.87 ms, found 3 plugins.
Preloading 0 native plugins for Editor in 0.00 ms.
Unloading 2082 Unused Serialized files (Serialized files now loaded: 0)
System memory in use before: 95.7 MB.
System memory in use after: 95.8 MB.

Unloading 16 unused Assets to reduce memory usage. Loaded Objects now: 2573.
Total: 4.428900 ms (FindLiveObjects: 0.345800 ms CreateObjectMapping: 0.110300 ms MarkObjects: 3.942300 ms  DeleteObjects: 0.028400 ms)

AssetImportParameters requested are different than current active one (requested -> active):
  custom:framework-win-MediaFoundation: 216162199b28c13a410421893ffa2e32 -> 
  custom:video-decoder-ogg-theora: a1e56fd34408186e4bbccfd4996cb3dc -> 
  custom:container-muxer-webm: aa71ff27fc2769a1b78a27578f13a17b -> 
  custom:container-demuxer-webm: 4f35f7cbe854078d1ac9338744f61a02 -> 
  custom:container-demuxer-ogg: 62fdf1f143b41e24485cea50d1cbac27 -> 
  custom:video-encoder-webm-vp8: eb34c28f22e8b96e1ab97ce403110664 -> 
  custom:video-decoder-webm-vp8: 9c59270c3fd7afecdb556c50c9e8de78 -> 
  custom:audio-decoder-ogg-vorbis: bf7c407c2cedff20999df2af8eb42d56 -> 
  custom:audio-encoder-webm-vorbis: bf7c407c2cedff20999df2af8eb42d56 -> 
AssetImportWorkerClient::OnTransportError - code=2 error=End of file
